<?xml version="1.0" encoding="UTF-8"?>
<testsuite xmlns:xsi="http://www.w3.org/2001/XMLSchema-instance" xsi:noNamespaceSchemaLocation="https://maven.apache.org/surefire/maven-surefire-plugin/xsd/surefire-test-report.xsd" name="es.avalon.test.JPABasicoTest" time="1.106" tests="9" errors="7" skipped="0" failures="0">
  <properties>
    <property name="java.specification.version" value="18"/>
    <property name="sun.jnu.encoding" value="UTF-8"/>
    <property name="java.class.path" value="/Users/cecilioalvarezcaules/Desktop/java maven2/avalon2022web1/target/test-classes:/Users/cecilioalvarezcaules/Desktop/java maven2/avalon2022web1/target/classes:/Users/cecilioalvarezcaules/.m2/repository/junit/junit/4.11/junit-4.11.jar:/Users/cecilioalvarezcaules/.m2/repository/org/hamcrest/hamcrest-core/1.3/hamcrest-core-1.3.jar:/Users/cecilioalvarezcaules/.m2/repository/org/hibernate/javax/persistence/hibernate-jpa-2.1-api/1.0.2.Final/hibernate-jpa-2.1-api-1.0.2.Final.jar:/Users/cecilioalvarezcaules/.m2/repository/org/hibernate/hibernate-core/5.6.8.Final/hibernate-core-5.6.8.Final.jar:/Users/cecilioalvarezcaules/.m2/repository/org/jboss/logging/jboss-logging/3.4.3.Final/jboss-logging-3.4.3.Final.jar:/Users/cecilioalvarezcaules/.m2/repository/javax/persistence/javax.persistence-api/2.2/javax.persistence-api-2.2.jar:/Users/cecilioalvarezcaules/.m2/repository/net/bytebuddy/byte-buddy/1.12.9/byte-buddy-1.12.9.jar:/Users/cecilioalvarezcaules/.m2/repository/antlr/antlr/2.7.7/antlr-2.7.7.jar:/Users/cecilioalvarezcaules/.m2/repository/org/jboss/spec/javax/transaction/jboss-transaction-api_1.2_spec/1.1.1.Final/jboss-transaction-api_1.2_spec-1.1.1.Final.jar:/Users/cecilioalvarezcaules/.m2/repository/org/jboss/jandex/2.4.2.Final/jandex-2.4.2.Final.jar:/Users/cecilioalvarezcaules/.m2/repository/com/fasterxml/classmate/1.5.1/classmate-1.5.1.jar:/Users/cecilioalvarezcaules/.m2/repository/javax/activation/javax.activation-api/1.2.0/javax.activation-api-1.2.0.jar:/Users/cecilioalvarezcaules/.m2/repository/org/hibernate/common/hibernate-commons-annotations/5.1.2.Final/hibernate-commons-annotations-5.1.2.Final.jar:/Users/cecilioalvarezcaules/.m2/repository/javax/xml/bind/jaxb-api/2.3.1/jaxb-api-2.3.1.jar:/Users/cecilioalvarezcaules/.m2/repository/org/glassfish/jaxb/jaxb-runtime/2.3.1/jaxb-runtime-2.3.1.jar:/Users/cecilioalvarezcaules/.m2/repository/org/glassfish/jaxb/txw2/2.3.1/txw2-2.3.1.jar:/Users/cecilioalvarezcaules/.m2/repository/com/sun/istack/istack-commons-runtime/3.0.7/istack-commons-runtime-3.0.7.jar:/Users/cecilioalvarezcaules/.m2/repository/org/jvnet/staxex/stax-ex/1.8/stax-ex-1.8.jar:/Users/cecilioalvarezcaules/.m2/repository/com/sun/xml/fastinfoset/FastInfoset/1.2.15/FastInfoset-1.2.15.jar:/Users/cecilioalvarezcaules/.m2/repository/org/springframework/spring-context/5.3.20/spring-context-5.3.20.jar:/Users/cecilioalvarezcaules/.m2/repository/org/springframework/spring-aop/5.3.20/spring-aop-5.3.20.jar:/Users/cecilioalvarezcaules/.m2/repository/org/springframework/spring-beans/5.3.20/spring-beans-5.3.20.jar:/Users/cecilioalvarezcaules/.m2/repository/org/springframework/spring-expression/5.3.20/spring-expression-5.3.20.jar:/Users/cecilioalvarezcaules/.m2/repository/org/springframework/spring-core/5.3.20/spring-core-5.3.20.jar:/Users/cecilioalvarezcaules/.m2/repository/org/springframework/spring-jcl/5.3.20/spring-jcl-5.3.20.jar:/Users/cecilioalvarezcaules/.m2/repository/javax/servlet/javax.servlet-api/4.0.1/javax.servlet-api-4.0.1.jar:/Users/cecilioalvarezcaules/.m2/repository/mysql/mysql-connector-java/8.0.29/mysql-connector-java-8.0.29.jar:/Users/cecilioalvarezcaules/.m2/repository/com/google/protobuf/protobuf-java/3.19.4/protobuf-java-3.19.4.jar:/Users/cecilioalvarezcaules/.m2/repository/org/projectlombok/lombok/1.18.24/lombok-1.18.24.jar:"/>
    <property name="java.vm.vendor" value="Homebrew"/>
    <property name="sun.arch.data.model" value="64"/>
    <property name="java.vendor.url" value="https://github.com/Homebrew/homebrew-core/issues"/>
    <property name="os.name" value="Mac OS X"/>
    <property name="java.vm.specification.version" value="18"/>
    <property name="sun.java.launcher" value="SUN_STANDARD"/>
    <property name="user.country" value="ES"/>
    <property name="sun.boot.library.path" value="/usr/local/Cellar/openjdk/18.0.1/libexec/openjdk.jdk/Contents/Home/lib"/>
    <property name="sun.java.command" value="/Users/cecilioalvarezcaules/Desktop/java maven2/avalon2022web1/target/surefire/surefirebooter6223344035138008955.jar /Users/cecilioalvarezcaules/Desktop/java maven2/avalon2022web1/target/surefire 2022-05-17T15-37-18_449-jvmRun1 surefire15901983166361475238tmp surefire_018370344091286391431tmp"/>
    <property name="http.nonProxyHosts" value="local|*.local|169.254/16|*.169.254/16"/>
    <property name="jdk.debug" value="release"/>
    <property name="surefire.test.class.path" value="/Users/cecilioalvarezcaules/Desktop/java maven2/avalon2022web1/target/test-classes:/Users/cecilioalvarezcaules/Desktop/java maven2/avalon2022web1/target/classes:/Users/cecilioalvarezcaules/.m2/repository/junit/junit/4.11/junit-4.11.jar:/Users/cecilioalvarezcaules/.m2/repository/org/hamcrest/hamcrest-core/1.3/hamcrest-core-1.3.jar:/Users/cecilioalvarezcaules/.m2/repository/org/hibernate/javax/persistence/hibernate-jpa-2.1-api/1.0.2.Final/hibernate-jpa-2.1-api-1.0.2.Final.jar:/Users/cecilioalvarezcaules/.m2/repository/org/hibernate/hibernate-core/5.6.8.Final/hibernate-core-5.6.8.Final.jar:/Users/cecilioalvarezcaules/.m2/repository/org/jboss/logging/jboss-logging/3.4.3.Final/jboss-logging-3.4.3.Final.jar:/Users/cecilioalvarezcaules/.m2/repository/javax/persistence/javax.persistence-api/2.2/javax.persistence-api-2.2.jar:/Users/cecilioalvarezcaules/.m2/repository/net/bytebuddy/byte-buddy/1.12.9/byte-buddy-1.12.9.jar:/Users/cecilioalvarezcaules/.m2/repository/antlr/antlr/2.7.7/antlr-2.7.7.jar:/Users/cecilioalvarezcaules/.m2/repository/org/jboss/spec/javax/transaction/jboss-transaction-api_1.2_spec/1.1.1.Final/jboss-transaction-api_1.2_spec-1.1.1.Final.jar:/Users/cecilioalvarezcaules/.m2/repository/org/jboss/jandex/2.4.2.Final/jandex-2.4.2.Final.jar:/Users/cecilioalvarezcaules/.m2/repository/com/fasterxml/classmate/1.5.1/classmate-1.5.1.jar:/Users/cecilioalvarezcaules/.m2/repository/javax/activation/javax.activation-api/1.2.0/javax.activation-api-1.2.0.jar:/Users/cecilioalvarezcaules/.m2/repository/org/hibernate/common/hibernate-commons-annotations/5.1.2.Final/hibernate-commons-annotations-5.1.2.Final.jar:/Users/cecilioalvarezcaules/.m2/repository/javax/xml/bind/jaxb-api/2.3.1/jaxb-api-2.3.1.jar:/Users/cecilioalvarezcaules/.m2/repository/org/glassfish/jaxb/jaxb-runtime/2.3.1/jaxb-runtime-2.3.1.jar:/Users/cecilioalvarezcaules/.m2/repository/org/glassfish/jaxb/txw2/2.3.1/txw2-2.3.1.jar:/Users/cecilioalvarezcaules/.m2/repository/com/sun/istack/istack-commons-runtime/3.0.7/istack-commons-runtime-3.0.7.jar:/Users/cecilioalvarezcaules/.m2/repository/org/jvnet/staxex/stax-ex/1.8/stax-ex-1.8.jar:/Users/cecilioalvarezcaules/.m2/repository/com/sun/xml/fastinfoset/FastInfoset/1.2.15/FastInfoset-1.2.15.jar:/Users/cecilioalvarezcaules/.m2/repository/org/springframework/spring-context/5.3.20/spring-context-5.3.20.jar:/Users/cecilioalvarezcaules/.m2/repository/org/springframework/spring-aop/5.3.20/spring-aop-5.3.20.jar:/Users/cecilioalvarezcaules/.m2/repository/org/springframework/spring-beans/5.3.20/spring-beans-5.3.20.jar:/Users/cecilioalvarezcaules/.m2/repository/org/springframework/spring-expression/5.3.20/spring-expression-5.3.20.jar:/Users/cecilioalvarezcaules/.m2/repository/org/springframework/spring-core/5.3.20/spring-core-5.3.20.jar:/Users/cecilioalvarezcaules/.m2/repository/org/springframework/spring-jcl/5.3.20/spring-jcl-5.3.20.jar:/Users/cecilioalvarezcaules/.m2/repository/javax/servlet/javax.servlet-api/4.0.1/javax.servlet-api-4.0.1.jar:/Users/cecilioalvarezcaules/.m2/repository/mysql/mysql-connector-java/8.0.29/mysql-connector-java-8.0.29.jar:/Users/cecilioalvarezcaules/.m2/repository/com/google/protobuf/protobuf-java/3.19.4/protobuf-java-3.19.4.jar:/Users/cecilioalvarezcaules/.m2/repository/org/projectlombok/lombok/1.18.24/lombok-1.18.24.jar:"/>
    <property name="sun.cpu.endian" value="little"/>
    <property name="user.home" value="/Users/cecilioalvarezcaules"/>
    <property name="user.language" value="es"/>
    <property name="java.specification.vendor" value="Oracle Corporation"/>
    <property name="java.version.date" value="2022-04-19"/>
    <property name="java.home" value="/usr/local/Cellar/openjdk/18.0.1/libexec/openjdk.jdk/Contents/Home"/>
    <property name="file.separator" value="/"/>
    <property name="basedir" value="/Users/cecilioalvarezcaules/Desktop/java maven2/avalon2022web1"/>
    <property name="java.vm.compressedOopsMode" value="Zero based"/>
    <property name="line.separator" value="&#10;"/>
    <property name="java.vm.specification.vendor" value="Oracle Corporation"/>
    <property name="java.specification.name" value="Java Platform API Specification"/>
    <property name="apple.awt.application.name" value="ForkedBooter"/>
    <property name="surefire.real.class.path" value="/Users/cecilioalvarezcaules/Desktop/java maven2/avalon2022web1/target/surefire/surefirebooter6223344035138008955.jar"/>
    <property name="sun.management.compiler" value="HotSpot 64-Bit Tiered Compilers"/>
    <property name="ftp.nonProxyHosts" value="local|*.local|169.254/16|*.169.254/16"/>
    <property name="java.runtime.version" value="18.0.1+0"/>
    <property name="user.name" value="cecilioalvarezcaules"/>
    <property name="path.separator" value=":"/>
    <property name="os.version" value="12.2.1"/>
    <property name="java.runtime.name" value="OpenJDK Runtime Environment"/>
    <property name="file.encoding" value="UTF-8"/>
    <property name="java.vm.name" value="OpenJDK 64-Bit Server VM"/>
    <property name="java.vendor.version" value="Homebrew"/>
    <property name="localRepository" value="/Users/cecilioalvarezcaules/.m2/repository"/>
    <property name="java.vendor.url.bug" value="https://github.com/Homebrew/homebrew-core/issues"/>
    <property name="java.io.tmpdir" value="/var/folders/4f/hspkv1j1207ctplykmc57dl00000gn/T/"/>
    <property name="java.version" value="18.0.1"/>
    <property name="user.dir" value="/Users/cecilioalvarezcaules/Desktop/java maven2/avalon2022web1"/>
    <property name="os.arch" value="x86_64"/>
    <property name="java.vm.specification.name" value="Java Virtual Machine Specification"/>
    <property name="native.encoding" value="UTF-8"/>
    <property name="java.library.path" value="/Users/cecilioalvarezcaules/Library/Java/Extensions:/Library/Java/Extensions:/Network/Library/Java/Extensions:/System/Library/Java/Extensions:/usr/lib/java:."/>
    <property name="java.vm.info" value="mixed mode, sharing"/>
    <property name="java.vendor" value="Homebrew"/>
    <property name="java.vm.version" value="18.0.1+0"/>
    <property name="sun.io.unicode.encoding" value="UnicodeBig"/>
    <property name="socksNonProxyHosts" value="local|*.local|169.254/16|*.169.254/16"/>
    <property name="java.class.version" value="62.0"/>
  </properties>
  <testcase name="testJPAORdenadoPorEdad" classname="es.avalon.test.JPABasicoTest" time="0.003"/>
  <testcase name="testJPAConsultaSeleccionarNombreAndEdad" classname="es.avalon.test.JPABasicoTest" time="1.067">
    <error type="java.lang.ExceptionInInitializerError">java.lang.ExceptionInInitializerError
	at es.avalon.test.JPABasicoTest.testJPAConsultaSeleccionarNombreAndEdad(JPABasicoTest.java:60)
Caused by: org.hibernate.service.spi.ServiceException: Unable to create requested service [org.hibernate.engine.jdbc.env.spi.JdbcEnvironment]
	at es.avalon.test.JPABasicoTest.testJPAConsultaSeleccionarNombreAndEdad(JPABasicoTest.java:60)
Caused by: org.hibernate.exception.JDBCConnectionException: Error calling Driver#connect
	at es.avalon.test.JPABasicoTest.testJPAConsultaSeleccionarNombreAndEdad(JPABasicoTest.java:60)
Caused by: com.mysql.cj.jdbc.exceptions.CommunicationsException: 
Communications link failure

The last packet sent successfully to the server was 0 milliseconds ago. The driver has not received any packets from the server.
	at es.avalon.test.JPABasicoTest.testJPAConsultaSeleccionarNombreAndEdad(JPABasicoTest.java:60)
Caused by: com.mysql.cj.exceptions.CJCommunicationsException: 
Communications link failure

The last packet sent successfully to the server was 0 milliseconds ago. The driver has not received any packets from the server.
	at es.avalon.test.JPABasicoTest.testJPAConsultaSeleccionarNombreAndEdad(JPABasicoTest.java:60)
Caused by: java.net.ConnectException: Connection refused
	at es.avalon.test.JPABasicoTest.testJPAConsultaSeleccionarNombreAndEdad(JPABasicoTest.java:60)
</error>
    <system-err><![CDATA[may 17, 2022 3:37:19 P. M. org.hibernate.jpa.boot.internal.PersistenceXmlParser parsePersistenceXml
WARN: HHH015018: Encountered multiple persistence-unit stanzas defining same name [UnidadCursos]; persistence-unit names must be unique
may 17, 2022 3:37:19 P. M. org.hibernate.jpa.internal.util.LogHelper logPersistenceUnitInformation
INFO: HHH000204: Processing PersistenceUnitInfo [name: UnidadCursos]
may 17, 2022 3:37:19 P. M. org.hibernate.Version logVersion
INFO: HHH000412: Hibernate ORM core version 5.6.8.Final
may 17, 2022 3:37:19 P. M. org.hibernate.annotations.common.reflection.java.JavaReflectionManager <clinit>
INFO: HCANN000001: Hibernate Commons Annotations {5.1.2.Final}
may 17, 2022 3:37:19 P. M. org.hibernate.engine.jdbc.connections.internal.DriverManagerConnectionProviderImpl configure
WARN: HHH10001002: Using Hibernate built-in connection pool (not for production use!)
may 17, 2022 3:37:19 P. M. org.hibernate.engine.jdbc.connections.internal.DriverManagerConnectionProviderImpl buildCreator
INFO: HHH10001005: using driver [com.mysql.cj.jdbc.Driver] at URL [jdbc:mysql://localhost:8889/cursos]
may 17, 2022 3:37:19 P. M. org.hibernate.engine.jdbc.connections.internal.DriverManagerConnectionProviderImpl buildCreator
INFO: HHH10001001: Connection properties: {password=****, user=root}
may 17, 2022 3:37:19 P. M. org.hibernate.engine.jdbc.connections.internal.DriverManagerConnectionProviderImpl buildCreator
INFO: HHH10001003: Autocommit mode: false
may 17, 2022 3:37:19 P. M. org.hibernate.engine.jdbc.connections.internal.DriverManagerConnectionProviderImpl$PooledConnections <init>
INFO: HHH000115: Hibernate connection pool size: 20 (min=1)
may 17, 2022 3:37:19 P. M. org.hibernate.engine.jdbc.env.internal.JdbcEnvironmentInitiator initiateService
WARN: HHH000342: Could not obtain connection to query metadata
java.lang.IllegalStateException: Cannot get a connection as the driver manager is not properly initialized
	at org.hibernate.engine.jdbc.connections.internal.DriverManagerConnectionProviderImpl.getConnection(DriverManagerConnectionProviderImpl.java:172)
	at org.hibernate.engine.jdbc.env.internal.JdbcEnvironmentInitiator$ConnectionProviderJdbcConnectionAccess.obtainConnection(JdbcEnvironmentInitiator.java:181)
	at org.hibernate.engine.jdbc.env.internal.JdbcEnvironmentInitiator.initiateService(JdbcEnvironmentInitiator.java:68)
	at org.hibernate.engine.jdbc.env.internal.JdbcEnvironmentInitiator.initiateService(JdbcEnvironmentInitiator.java:35)
	at org.hibernate.boot.registry.internal.StandardServiceRegistryImpl.initiateService(StandardServiceRegistryImpl.java:101)
	at org.hibernate.service.internal.AbstractServiceRegistryImpl.createService(AbstractServiceRegistryImpl.java:263)
	at org.hibernate.service.internal.AbstractServiceRegistryImpl.initializeService(AbstractServiceRegistryImpl.java:237)
	at org.hibernate.service.internal.AbstractServiceRegistryImpl.getService(AbstractServiceRegistryImpl.java:214)
	at org.hibernate.engine.jdbc.internal.JdbcServicesImpl.configure(JdbcServicesImpl.java:51)
	at org.hibernate.boot.registry.internal.StandardServiceRegistryImpl.configureService(StandardServiceRegistryImpl.java:107)
	at org.hibernate.service.internal.AbstractServiceRegistryImpl.initializeService(AbstractServiceRegistryImpl.java:246)
	at org.hibernate.service.internal.AbstractServiceRegistryImpl.getService(AbstractServiceRegistryImpl.java:214)
	at org.hibernate.engine.jdbc.connections.internal.BasicConnectionCreator.convertSqlException(BasicConnectionCreator.java:116)
	at org.hibernate.engine.jdbc.connections.internal.DriverConnectionCreator.makeConnection(DriverConnectionCreator.java:41)
	at org.hibernate.engine.jdbc.connections.internal.BasicConnectionCreator.createConnection(BasicConnectionCreator.java:58)
	at org.hibernate.engine.jdbc.connections.internal.DriverManagerConnectionProviderImpl$PooledConnections.addConnections(DriverManagerConnectionProviderImpl.java:409)
	at org.hibernate.engine.jdbc.connections.internal.DriverManagerConnectionProviderImpl$PooledConnections.<init>(DriverManagerConnectionProviderImpl.java:275)
	at org.hibernate.engine.jdbc.connections.internal.DriverManagerConnectionProviderImpl$PooledConnections.<init>(DriverManagerConnectionProviderImpl.java:249)
	at org.hibernate.engine.jdbc.connections.internal.DriverManagerConnectionProviderImpl$PooledConnections$Builder.build(DriverManagerConnectionProviderImpl.java:453)
	at org.hibernate.engine.jdbc.connections.internal.DriverManagerConnectionProviderImpl.buildPool(DriverManagerConnectionProviderImpl.java:98)
	at org.hibernate.engine.jdbc.connections.internal.DriverManagerConnectionProviderImpl.configure(DriverManagerConnectionProviderImpl.java:73)
	at org.hibernate.boot.registry.internal.StandardServiceRegistryImpl.configureService(StandardServiceRegistryImpl.java:107)
	at org.hibernate.service.internal.AbstractServiceRegistryImpl.initializeService(AbstractServiceRegistryImpl.java:246)
	at org.hibernate.service.internal.AbstractServiceRegistryImpl.getService(AbstractServiceRegistryImpl.java:214)
	at org.hibernate.engine.jdbc.env.internal.JdbcEnvironmentInitiator.buildJdbcConnectionAccess(JdbcEnvironmentInitiator.java:146)
	at org.hibernate.engine.jdbc.env.internal.JdbcEnvironmentInitiator.initiateService(JdbcEnvironmentInitiator.java:66)
	at org.hibernate.engine.jdbc.env.internal.JdbcEnvironmentInitiator.initiateService(JdbcEnvironmentInitiator.java:35)
	at org.hibernate.boot.registry.internal.StandardServiceRegistryImpl.initiateService(StandardServiceRegistryImpl.java:101)
	at org.hibernate.service.internal.AbstractServiceRegistryImpl.createService(AbstractServiceRegistryImpl.java:263)
	at org.hibernate.service.internal.AbstractServiceRegistryImpl.initializeService(AbstractServiceRegistryImpl.java:237)
	at org.hibernate.service.internal.AbstractServiceRegistryImpl.getService(AbstractServiceRegistryImpl.java:214)
	at org.hibernate.id.factory.internal.DefaultIdentifierGeneratorFactory.injectServices(DefaultIdentifierGeneratorFactory.java:175)
	at org.hibernate.service.internal.AbstractServiceRegistryImpl.injectDependencies(AbstractServiceRegistryImpl.java:286)
	at org.hibernate.service.internal.AbstractServiceRegistryImpl.initializeService(AbstractServiceRegistryImpl.java:243)
	at org.hibernate.service.internal.AbstractServiceRegistryImpl.getService(AbstractServiceRegistryImpl.java:214)
	at org.hibernate.boot.internal.InFlightMetadataCollectorImpl.<init>(InFlightMetadataCollectorImpl.java:173)
	at org.hibernate.boot.model.process.spi.MetadataBuildingProcess.complete(MetadataBuildingProcess.java:127)
	at org.hibernate.jpa.boot.internal.EntityManagerFactoryBuilderImpl.metadata(EntityManagerFactoryBuilderImpl.java:1460)
	at org.hibernate.jpa.boot.internal.EntityManagerFactoryBuilderImpl.build(EntityManagerFactoryBuilderImpl.java:1494)
	at org.hibernate.jpa.HibernatePersistenceProvider.createEntityManagerFactory(HibernatePersistenceProvider.java:56)
	at javax.persistence.Persistence.createEntityManagerFactory(Persistence.java:55)
	at javax.persistence.Persistence.createEntityManagerFactory(Persistence.java:39)
	at es.avalon.repository.helper.JPAHelper.<clinit>(JPAHelper.java:14)
	at es.avalon.test.JPABasicoTest.testJPAConsultaSeleccionarNombreAndEdad(JPABasicoTest.java:60)
	at java.base/jdk.internal.reflect.DirectMethodHandleAccessor.invoke(DirectMethodHandleAccessor.java:104)
	at java.base/java.lang.reflect.Method.invoke(Method.java:577)
	at org.junit.runners.model.FrameworkMethod$1.runReflectiveCall(FrameworkMethod.java:47)
	at org.junit.internal.runners.model.ReflectiveCallable.run(ReflectiveCallable.java:12)
	at org.junit.runners.model.FrameworkMethod.invokeExplosively(FrameworkMethod.java:44)
	at org.junit.internal.runners.statements.InvokeMethod.evaluate(InvokeMethod.java:17)
	at org.junit.runners.ParentRunner.runLeaf(ParentRunner.java:271)
	at org.junit.runners.BlockJUnit4ClassRunner.runChild(BlockJUnit4ClassRunner.java:70)
	at org.junit.runners.BlockJUnit4ClassRunner.runChild(BlockJUnit4ClassRunner.java:50)
	at org.junit.runners.ParentRunner$3.run(ParentRunner.java:238)
	at org.junit.runners.ParentRunner$1.schedule(ParentRunner.java:63)
	at org.junit.runners.ParentRunner.runChildren(ParentRunner.java:236)
	at org.junit.runners.ParentRunner.access$000(ParentRunner.java:53)
	at org.junit.runners.ParentRunner$2.evaluate(ParentRunner.java:229)
	at org.junit.runners.ParentRunner.run(ParentRunner.java:309)
	at org.apache.maven.surefire.junit4.JUnit4Provider.execute(JUnit4Provider.java:365)
	at org.apache.maven.surefire.junit4.JUnit4Provider.executeWithRerun(JUnit4Provider.java:273)
	at org.apache.maven.surefire.junit4.JUnit4Provider.executeTestSet(JUnit4Provider.java:238)
	at org.apache.maven.surefire.junit4.JUnit4Provider.invoke(JUnit4Provider.java:159)
	at org.apache.maven.surefire.booter.ForkedBooter.invokeProviderInSameClassLoader(ForkedBooter.java:384)
	at org.apache.maven.surefire.booter.ForkedBooter.runSuitesInProcess(ForkedBooter.java:345)
	at org.apache.maven.surefire.booter.ForkedBooter.execute(ForkedBooter.java:126)
	at org.apache.maven.surefire.booter.ForkedBooter.main(ForkedBooter.java:418)

may 17, 2022 3:37:19 P. M. org.hibernate.dialect.Dialect <init>
INFO: HHH000400: Using dialect: org.hibernate.dialect.MySQLDialect
may 17, 2022 3:37:19 P. M. org.hibernate.engine.jdbc.spi.SqlExceptionHelper logExceptions
WARN: SQL Error: 0, SQLState: 08S01
may 17, 2022 3:37:19 P. M. org.hibernate.engine.jdbc.spi.SqlExceptionHelper logExceptions
ERROR: Communications link failure

The last packet sent successfully to the server was 0 milliseconds ago. The driver has not received any packets from the server.
]]></system-err>
  </testcase>
  <testcase name="testPersona" classname="es.avalon.test.JPABasicoTest" time="0.001"/>
  <testcase name="testJPAConsultaSeleccionarNombre" classname="es.avalon.test.JPABasicoTest" time="0.001">
    <error message="Could not initialize class es.avalon.repository.helper.JPAHelper" type="java.lang.NoClassDefFoundError">java.lang.NoClassDefFoundError: Could not initialize class es.avalon.repository.helper.JPAHelper
	at es.avalon.test.JPABasicoTest.testJPAConsultaSeleccionarNombre(JPABasicoTest.java:45)
Caused by: java.lang.ExceptionInInitializerError: Exception org.hibernate.service.spi.ServiceException: Unable to create requested service [org.hibernate.engine.jdbc.env.spi.JdbcEnvironment] [in thread "main"]
	at es.avalon.test.JPABasicoTest.testJPAConsultaSeleccionarNombreAndEdad(JPABasicoTest.java:60)
</error>
  </testcase>
  <testcase name="testJPAEdadSumaPersona" classname="es.avalon.test.JPABasicoTest" time="0">
    <error message="Could not initialize class es.avalon.repository.helper.JPAHelper" type="java.lang.NoClassDefFoundError">java.lang.NoClassDefFoundError: Could not initialize class es.avalon.repository.helper.JPAHelper
	at es.avalon.test.JPABasicoTest.testJPAEdadSumaPersona(JPABasicoTest.java:117)
Caused by: java.lang.ExceptionInInitializerError: Exception org.hibernate.service.spi.ServiceException: Unable to create requested service [org.hibernate.engine.jdbc.env.spi.JdbcEnvironment] [in thread "main"]
	at es.avalon.test.JPABasicoTest.testJPAConsultaSeleccionarNombreAndEdad(JPABasicoTest.java:60)
</error>
  </testcase>
  <testcase name="testJPANombrePersonaMayusculas" classname="es.avalon.test.JPABasicoTest" time="0.001">
    <error message="Could not initialize class es.avalon.repository.helper.JPAHelper" type="java.lang.NoClassDefFoundError">java.lang.NoClassDefFoundError: Could not initialize class es.avalon.repository.helper.JPAHelper
	at es.avalon.test.JPABasicoTest.testJPANombrePersonaMayusculas(JPABasicoTest.java:104)
Caused by: java.lang.ExceptionInInitializerError: Exception org.hibernate.service.spi.ServiceException: Unable to create requested service [org.hibernate.engine.jdbc.env.spi.JdbcEnvironment] [in thread "main"]
	at es.avalon.test.JPABasicoTest.testJPAConsultaSeleccionarNombreAndEdad(JPABasicoTest.java:60)
</error>
  </testcase>
  <testcase name="testJPAEdadPersona" classname="es.avalon.test.JPABasicoTest" time="0">
    <error message="Could not initialize class es.avalon.repository.helper.JPAHelper" type="java.lang.NoClassDefFoundError">java.lang.NoClassDefFoundError: Could not initialize class es.avalon.repository.helper.JPAHelper
	at es.avalon.test.JPABasicoTest.testJPAEdadPersona(JPABasicoTest.java:91)
Caused by: java.lang.ExceptionInInitializerError: Exception org.hibernate.service.spi.ServiceException: Unable to create requested service [org.hibernate.engine.jdbc.env.spi.JdbcEnvironment] [in thread "main"]
	at es.avalon.test.JPABasicoTest.testJPAConsultaSeleccionarNombreAndEdad(JPABasicoTest.java:60)
</error>
  </testcase>
  <testcase name="testJPAConsultaRangoPersonas" classname="es.avalon.test.JPABasicoTest" time="0">
    <error message="Could not initialize class es.avalon.repository.helper.JPAHelper" type="java.lang.NoClassDefFoundError">java.lang.NoClassDefFoundError: Could not initialize class es.avalon.repository.helper.JPAHelper
	at es.avalon.test.JPABasicoTest.testJPAConsultaRangoPersonas(JPABasicoTest.java:77)
Caused by: java.lang.ExceptionInInitializerError: Exception org.hibernate.service.spi.ServiceException: Unable to create requested service [org.hibernate.engine.jdbc.env.spi.JdbcEnvironment] [in thread "main"]
	at es.avalon.test.JPABasicoTest.testJPAConsultaSeleccionarNombreAndEdad(JPABasicoTest.java:60)
</error>
  </testcase>
  <testcase name="testBuscarPersonaPorDNI" classname="es.avalon.test.JPABasicoTest" time="0.001">
    <error message="Could not initialize class es.avalon.repository.helper.JPAHelper" type="java.lang.NoClassDefFoundError">java.lang.NoClassDefFoundError: Could not initialize class es.avalon.repository.helper.JPAHelper
	at es.avalon.test.JPABasicoTest.testBuscarPersonaPorDNI(JPABasicoTest.java:33)
Caused by: java.lang.ExceptionInInitializerError: Exception org.hibernate.service.spi.ServiceException: Unable to create requested service [org.hibernate.engine.jdbc.env.spi.JdbcEnvironment] [in thread "main"]
	at es.avalon.test.JPABasicoTest.testJPAConsultaSeleccionarNombreAndEdad(JPABasicoTest.java:60)
</error>
  </testcase>
</testsuite>